[50616:18468:0609/151505.799:WARNING:t_skinfilemap.cpp(56)] SGRenderLog:CheckUpdate newMem.OpenMem failed, szNewMem:Local\sgime_skin.v5.filemap.sogouime err:系统错误2: 系统找不到指定的文件。  
打开Filemap失败: Local\sgime_skin.v5.filemap.sogouime2936bb34707
[50616:18468:0609/151505.799:WARNING:t_skinfilemap.cpp(65)] SGRenderLog:CheckUpdate finish: old version:1
[50616:18468:0609/151505.799:WARNING:t_skinfilemap.cpp(67)] SGRenderLog:CheckUpdate finish: new version:5
[50616:18468:0609/151505.884:WARNING:t_skinfilemap.cpp(63)] SGRenderLog:CheckUpdate newMem.OpenMem Suc, szNewMem:Local\sgime_skin.Dpi192.v5.filemap.sogouime
[50616:18468:0609/151505.884:WARNING:t_skinfilemap.cpp(65)] SGRenderLog:CheckUpdate finish: old version:5
[50616:18468:0609/151505.884:WARNING:t_skinfilemap.cpp(67)] SGRenderLog:CheckUpdate finish: new version:5
[52228:53740:0609/151532.760:WARNING:t_skinfilemap.cpp(56)] SGRenderLog:CheckUpdate newMem.OpenMem failed, szNewMem:Local\sgime_skin.v5.filemap.sogouime err:系统错误2: 系统找不到指定的文件。  
打开Filemap失败: Local\sgime_skin.v5.filemap.sogouime2936bb34707
[52228:53740:0609/151532.760:WARNING:t_skinfilemap.cpp(65)] SGRenderLog:CheckUpdate finish: old version:1
[52228:53740:0609/151532.760:WARNING:t_skinfilemap.cpp(67)] SGRenderLog:CheckUpdate finish: new version:5
[52228:53740:0609/151532.836:WARNING:t_skinfilemap.cpp(63)] SGRenderLog:CheckUpdate newMem.OpenMem Suc, szNewMem:Local\sgime_skin.Dpi192.v5.filemap.sogouime
[52228:53740:0609/151532.836:WARNING:t_skinfilemap.cpp(65)] SGRenderLog:CheckUpdate finish: old version:5
[52228:53740:0609/151532.836:WARNING:t_skinfilemap.cpp(67)] SGRenderLog:CheckUpdate finish: new version:5
[50792:43892:0609/153957.980:WARNING:t_skinfilemap.cpp(56)] SGRenderLog:CheckUpdate newMem.OpenMem failed, szNewMem:Local\sgime_skin.v5.filemap.sogouime err:系统错误2: 系统找不到指定的文件。  
打开Filemap失败: Local\sgime_skin.v5.filemap.sogouime2936bb34707
[50792:43892:0609/153957.980:WARNING:t_skinfilemap.cpp(65)] SGRenderLog:CheckUpdate finish: old version:1
[50792:43892:0609/153957.980:WARNING:t_skinfilemap.cpp(67)] SGRenderLog:CheckUpdate finish: new version:5
[50792:43892:0609/153958.076:WARNING:t_skinfilemap.cpp(63)] SGRenderLog:CheckUpdate newMem.OpenMem Suc, szNewMem:Local\sgime_skin.Dpi192.v5.filemap.sogouime
[50792:43892:0609/153958.076:WARNING:t_skinfilemap.cpp(65)] SGRenderLog:CheckUpdate finish: old version:5
[50792:43892:0609/153958.076:WARNING:t_skinfilemap.cpp(67)] SGRenderLog:CheckUpdate finish: new version:5
[53600:51048:0609/155512.444:WARNING:t_skinfilemap.cpp(56)] SGRenderLog:CheckUpdate newMem.OpenMem failed, szNewMem:Local\sgime_skin.v5.filemap.sogouime err:系统错误2: 系统找不到指定的文件。  
打开Filemap失败: Local\sgime_skin.v5.filemap.sogouime2936bb34707
[53600:51048:0609/155512.444:WARNING:t_skinfilemap.cpp(65)] SGRenderLog:CheckUpdate finish: old version:1
[53600:51048:0609/155512.444:WARNING:t_skinfilemap.cpp(67)] SGRenderLog:CheckUpdate finish: new version:5
[53600:51048:0609/155512.541:WARNING:t_skinfilemap.cpp(63)] SGRenderLog:CheckUpdate newMem.OpenMem Suc, szNewMem:Local\sgime_skin.Dpi192.v5.filemap.sogouime
[53600:51048:0609/155512.541:WARNING:t_skinfilemap.cpp(65)] SGRenderLog:CheckUpdate finish: old version:5
[53600:51048:0609/155512.541:WARNING:t_skinfilemap.cpp(67)] SGRenderLog:CheckUpdate finish: new version:5
[40500:49072:0609/155724.503:WARNING:t_skinfilemap.cpp(56)] SGRenderLog:CheckUpdate newMem.OpenMem failed, szNewMem:Local\sgime_skin.v5.filemap.sogouime err:系统错误2: 系统找不到指定的文件。  
打开Filemap失败: Local\sgime_skin.v5.filemap.sogouime2936bb34707
[40500:49072:0609/155724.503:WARNING:t_skinfilemap.cpp(65)] SGRenderLog:CheckUpdate finish: old version:1
[40500:49072:0609/155724.503:WARNING:t_skinfilemap.cpp(67)] SGRenderLog:CheckUpdate finish: new version:5
[40500:49072:0609/155724.612:WARNING:t_skinfilemap.cpp(63)] SGRenderLog:CheckUpdate newMem.OpenMem Suc, szNewMem:Local\sgime_skin.Dpi192.v5.filemap.sogouime
[40500:49072:0609/155724.612:WARNING:t_skinfilemap.cpp(65)] SGRenderLog:CheckUpdate finish: old version:5
[40500:49072:0609/155724.612:WARNING:t_skinfilemap.cpp(67)] SGRenderLog:CheckUpdate finish: new version:5
